[INFO  - 2016-06-23T11:01:22.520Z] GhostDriver - Main - running on port 18446
[INFO  - 2016-06-23T11:01:22.942Z] Session [d282b160-3931-11e6-982c-f1d97b094715] - page.settings - {"XSSAuditingEnabled":false,"javascriptCanCloseWindows":true,"javascriptCanOpenWindows":true,"javascriptEnabled":true,"loadImages":true,"localToRemoteUrlAccessEnabled":false,"userAgent":"Mozilla/5.0 (Unknown; Linux x86_64) AppleWebKit/538.1 (KHTML, like Gecko) PhantomJS/2.1.1 Safari/538.1","webSecurityEnabled":true}
[INFO  - 2016-06-23T11:01:22.942Z] Session [d282b160-3931-11e6-982c-f1d97b094715] - page.customHeaders:  - {}
[INFO  - 2016-06-23T11:01:22.942Z] Session [d282b160-3931-11e6-982c-f1d97b094715] - Session.negotiatedCapabilities - {"browserName":"phantomjs","version":"2.1.1","driverName":"ghostdriver","driverVersion":"1.2.0","platform":"linux-unknown-64bit","javascriptEnabled":true,"takesScreenshot":true,"handlesAlerts":false,"databaseEnabled":false,"locationContextEnabled":false,"applicationCacheEnabled":false,"browserConnectionEnabled":false,"cssSelectorsEnabled":true,"webStorageEnabled":false,"rotatable":false,"acceptSslCerts":false,"nativeEvents":true,"proxy":{"proxyType":"direct"}}
[INFO  - 2016-06-23T11:01:22.943Z] SessionManagerReqHand - _postNewSessionCommand - New Session Created: d282b160-3931-11e6-982c-f1d97b094715
[INFO  - 2016-06-23T11:01:25.904Z] ShutdownReqHand - _handle - About to shutdown
[INFO  - 2016-06-23T11:09:36.630Z] GhostDriver - Main - running on port 19316
[INFO  - 2016-06-23T11:09:37.001Z] Session [f8fe9240-3932-11e6-9f10-8dfacd23f765] - page.settings - {"XSSAuditingEnabled":false,"javascriptCanCloseWindows":true,"javascriptCanOpenWindows":true,"javascriptEnabled":true,"loadImages":true,"localToRemoteUrlAccessEnabled":false,"userAgent":"Mozilla/5.0 (Unknown; Linux x86_64) AppleWebKit/538.1 (KHTML, like Gecko) PhantomJS/2.1.1 Safari/538.1","webSecurityEnabled":true}
[INFO  - 2016-06-23T11:09:37.001Z] Session [f8fe9240-3932-11e6-9f10-8dfacd23f765] - page.customHeaders:  - {}
[INFO  - 2016-06-23T11:09:37.002Z] Session [f8fe9240-3932-11e6-9f10-8dfacd23f765] - Session.negotiatedCapabilities - {"browserName":"phantomjs","version":"2.1.1","driverName":"ghostdriver","driverVersion":"1.2.0","platform":"linux-unknown-64bit","javascriptEnabled":true,"takesScreenshot":true,"handlesAlerts":false,"databaseEnabled":false,"locationContextEnabled":false,"applicationCacheEnabled":false,"browserConnectionEnabled":false,"cssSelectorsEnabled":true,"webStorageEnabled":false,"rotatable":false,"acceptSslCerts":false,"nativeEvents":true,"proxy":{"proxyType":"direct"}}
[INFO  - 2016-06-23T11:09:37.002Z] SessionManagerReqHand - _postNewSessionCommand - New Session Created: f8fe9240-3932-11e6-9f10-8dfacd23f765
[INFO  - 2016-06-23T11:09:41.533Z] ShutdownReqHand - _handle - About to shutdown
[INFO  - 2016-06-23T12:03:20.400Z] GhostDriver - Main - running on port 20148
[INFO  - 2016-06-23T12:03:21.149Z] Session [7abc3560-393a-11e6-bbe2-f38623820706] - page.settings - {"XSSAuditingEnabled":false,"javascriptCanCloseWindows":true,"javascriptCanOpenWindows":true,"javascriptEnabled":true,"loadImages":true,"localToRemoteUrlAccessEnabled":false,"userAgent":"Mozilla/5.0 (Unknown; Linux x86_64) AppleWebKit/538.1 (KHTML, like Gecko) PhantomJS/2.1.1 Safari/538.1","webSecurityEnabled":true}
[INFO  - 2016-06-23T12:03:21.149Z] Session [7abc3560-393a-11e6-bbe2-f38623820706] - page.customHeaders:  - {}
[INFO  - 2016-06-23T12:03:21.150Z] Session [7abc3560-393a-11e6-bbe2-f38623820706] - Session.negotiatedCapabilities - {"browserName":"phantomjs","version":"2.1.1","driverName":"ghostdriver","driverVersion":"1.2.0","platform":"linux-unknown-64bit","javascriptEnabled":true,"takesScreenshot":true,"handlesAlerts":false,"databaseEnabled":false,"locationContextEnabled":false,"applicationCacheEnabled":false,"browserConnectionEnabled":false,"cssSelectorsEnabled":true,"webStorageEnabled":false,"rotatable":false,"acceptSslCerts":false,"nativeEvents":true,"proxy":{"proxyType":"direct"}}
[INFO  - 2016-06-23T12:03:21.151Z] SessionManagerReqHand - _postNewSessionCommand - New Session Created: 7abc3560-393a-11e6-bbe2-f38623820706
[INFO  - 2016-06-23T12:04:08.907Z] GhostDriver - Main - running on port 2890
[INFO  - 2016-06-23T12:04:09.192Z] Session [975f4b30-393a-11e6-a33c-4bca30f6daf7] - page.settings - {"XSSAuditingEnabled":false,"javascriptCanCloseWindows":true,"javascriptCanOpenWindows":true,"javascriptEnabled":true,"loadImages":true,"localToRemoteUrlAccessEnabled":false,"userAgent":"Mozilla/5.0 (Unknown; Linux x86_64) AppleWebKit/538.1 (KHTML, like Gecko) PhantomJS/2.1.1 Safari/538.1","webSecurityEnabled":true}
[INFO  - 2016-06-23T12:04:09.192Z] Session [975f4b30-393a-11e6-a33c-4bca30f6daf7] - page.customHeaders:  - {}
[INFO  - 2016-06-23T12:04:09.195Z] Session [975f4b30-393a-11e6-a33c-4bca30f6daf7] - Session.negotiatedCapabilities - {"browserName":"phantomjs","version":"2.1.1","driverName":"ghostdriver","driverVersion":"1.2.0","platform":"linux-unknown-64bit","javascriptEnabled":true,"takesScreenshot":true,"handlesAlerts":false,"databaseEnabled":false,"locationContextEnabled":false,"applicationCacheEnabled":false,"browserConnectionEnabled":false,"cssSelectorsEnabled":true,"webStorageEnabled":false,"rotatable":false,"acceptSslCerts":false,"nativeEvents":true,"proxy":{"proxyType":"direct"}}
[INFO  - 2016-06-23T12:04:09.195Z] SessionManagerReqHand - _postNewSessionCommand - New Session Created: 975f4b30-393a-11e6-a33c-4bca30f6daf7
[INFO  - 2016-06-23T12:05:40.017Z] GhostDriver - Main - running on port 8589
[INFO  - 2016-06-23T12:05:40.808Z] Session [cdfa5400-393a-11e6-b74c-03abfe8f6f77] - page.settings - {"XSSAuditingEnabled":false,"javascriptCanCloseWindows":true,"javascriptCanOpenWindows":true,"javascriptEnabled":true,"loadImages":true,"localToRemoteUrlAccessEnabled":false,"userAgent":"Mozilla/5.0 (Unknown; Linux x86_64) AppleWebKit/538.1 (KHTML, like Gecko) PhantomJS/2.1.1 Safari/538.1","webSecurityEnabled":true}
[INFO  - 2016-06-23T12:05:40.808Z] Session [cdfa5400-393a-11e6-b74c-03abfe8f6f77] - page.customHeaders:  - {}
[INFO  - 2016-06-23T12:05:40.808Z] Session [cdfa5400-393a-11e6-b74c-03abfe8f6f77] - Session.negotiatedCapabilities - {"browserName":"phantomjs","version":"2.1.1","driverName":"ghostdriver","driverVersion":"1.2.0","platform":"linux-unknown-64bit","javascriptEnabled":true,"takesScreenshot":true,"handlesAlerts":false,"databaseEnabled":false,"locationContextEnabled":false,"applicationCacheEnabled":false,"browserConnectionEnabled":false,"cssSelectorsEnabled":true,"webStorageEnabled":false,"rotatable":false,"acceptSslCerts":false,"nativeEvents":true,"proxy":{"proxyType":"direct"}}
[INFO  - 2016-06-23T12:05:40.809Z] SessionManagerReqHand - _postNewSessionCommand - New Session Created: cdfa5400-393a-11e6-b74c-03abfe8f6f77
[ERROR - 2016-06-23T12:05:41.281Z] WebElementLocator - _handleLocateCommand - Element(s) NOT Found: GAVE UP. Search Stop Time: 1466683541224
[INFO  - 2016-06-23T12:06:20.906Z] GhostDriver - Main - running on port 29862
[INFO  - 2016-06-23T12:06:21.925Z] Session [e67cbe00-393a-11e6-80e7-53c9f10b1423] - page.settings - {"XSSAuditingEnabled":false,"javascriptCanCloseWindows":true,"javascriptCanOpenWindows":true,"javascriptEnabled":true,"loadImages":true,"localToRemoteUrlAccessEnabled":false,"userAgent":"Mozilla/5.0 (Unknown; Linux x86_64) AppleWebKit/538.1 (KHTML, like Gecko) PhantomJS/2.1.1 Safari/538.1","webSecurityEnabled":true}
[INFO  - 2016-06-23T12:06:21.925Z] Session [e67cbe00-393a-11e6-80e7-53c9f10b1423] - page.customHeaders:  - {}
[INFO  - 2016-06-23T12:06:21.925Z] Session [e67cbe00-393a-11e6-80e7-53c9f10b1423] - Session.negotiatedCapabilities - {"browserName":"phantomjs","version":"2.1.1","driverName":"ghostdriver","driverVersion":"1.2.0","platform":"linux-unknown-64bit","javascriptEnabled":true,"takesScreenshot":true,"handlesAlerts":false,"databaseEnabled":false,"locationContextEnabled":false,"applicationCacheEnabled":false,"browserConnectionEnabled":false,"cssSelectorsEnabled":true,"webStorageEnabled":false,"rotatable":false,"acceptSslCerts":false,"nativeEvents":true,"proxy":{"proxyType":"direct"}}
[INFO  - 2016-06-23T12:06:21.926Z] SessionManagerReqHand - _postNewSessionCommand - New Session Created: e67cbe00-393a-11e6-80e7-53c9f10b1423
[INFO  - 2016-06-23T12:06:26.991Z] ShutdownReqHand - _handle - About to shutdown
[INFO  - 2016-06-23T12:07:40.524Z] GhostDriver - Main - running on port 16264
[INFO  - 2016-06-23T12:07:41.410Z] Session [15dce2b0-393b-11e6-a2fb-77b6b8343bce] - page.settings - {"XSSAuditingEnabled":false,"javascriptCanCloseWindows":true,"javascriptCanOpenWindows":true,"javascriptEnabled":true,"loadImages":true,"localToRemoteUrlAccessEnabled":false,"userAgent":"Mozilla/5.0 (Unknown; Linux x86_64) AppleWebKit/538.1 (KHTML, like Gecko) PhantomJS/2.1.1 Safari/538.1","webSecurityEnabled":true}
[INFO  - 2016-06-23T12:07:41.410Z] Session [15dce2b0-393b-11e6-a2fb-77b6b8343bce] - page.customHeaders:  - {}
[INFO  - 2016-06-23T12:07:41.410Z] Session [15dce2b0-393b-11e6-a2fb-77b6b8343bce] - Session.negotiatedCapabilities - {"browserName":"phantomjs","version":"2.1.1","driverName":"ghostdriver","driverVersion":"1.2.0","platform":"linux-unknown-64bit","javascriptEnabled":true,"takesScreenshot":true,"handlesAlerts":false,"databaseEnabled":false,"locationContextEnabled":false,"applicationCacheEnabled":false,"browserConnectionEnabled":false,"cssSelectorsEnabled":true,"webStorageEnabled":false,"rotatable":false,"acceptSslCerts":false,"nativeEvents":true,"proxy":{"proxyType":"direct"}}
[INFO  - 2016-06-23T12:07:41.410Z] SessionManagerReqHand - _postNewSessionCommand - New Session Created: 15dce2b0-393b-11e6-a2fb-77b6b8343bce
[ERROR - 2016-06-23T12:07:41.870Z] WebElementLocator - _handleLocateCommand - Element(s) NOT Found: GAVE UP. Search Stop Time: 1466683661805
[INFO  - 2016-06-23T12:08:03.242Z] ShutdownReqHand - _handle - About to shutdown
[INFO  - 2016-06-23T12:08:20.429Z] SessionManagerReqHand - _cleanupWindowlessSessions - Asynchronous Sessions clean-up phase starting NOW
[INFO  - 2016-06-23T12:09:08.904Z] SessionManagerReqHand - _cleanupWindowlessSessions - Asynchronous Sessions clean-up phase starting NOW
[INFO  - 2016-06-23T12:10:28.348Z] GhostDriver - Main - running on port 3270
[INFO  - 2016-06-23T12:10:29.092Z] Session [79cf20d0-393b-11e6-9898-2fe5c9058ea4] - page.settings - {"XSSAuditingEnabled":false,"javascriptCanCloseWindows":true,"javascriptCanOpenWindows":true,"javascriptEnabled":true,"loadImages":true,"localToRemoteUrlAccessEnabled":false,"userAgent":"Mozilla/5.0 (Unknown; Linux x86_64) AppleWebKit/538.1 (KHTML, like Gecko) PhantomJS/2.1.1 Safari/538.1","webSecurityEnabled":true}
[INFO  - 2016-06-23T12:10:29.092Z] Session [79cf20d0-393b-11e6-9898-2fe5c9058ea4] - page.customHeaders:  - {}
[INFO  - 2016-06-23T12:10:29.093Z] Session [79cf20d0-393b-11e6-9898-2fe5c9058ea4] - Session.negotiatedCapabilities - {"browserName":"phantomjs","version":"2.1.1","driverName":"ghostdriver","driverVersion":"1.2.0","platform":"linux-unknown-64bit","javascriptEnabled":true,"takesScreenshot":true,"handlesAlerts":false,"databaseEnabled":false,"locationContextEnabled":false,"applicationCacheEnabled":false,"browserConnectionEnabled":false,"cssSelectorsEnabled":true,"webStorageEnabled":false,"rotatable":false,"acceptSslCerts":false,"nativeEvents":true,"proxy":{"proxyType":"direct"}}
[INFO  - 2016-06-23T12:10:29.094Z] SessionManagerReqHand - _postNewSessionCommand - New Session Created: 79cf20d0-393b-11e6-9898-2fe5c9058ea4
[INFO  - 2016-06-23T12:10:40.520Z] SessionManagerReqHand - _cleanupWindowlessSessions - Asynchronous Sessions clean-up phase starting NOW
[INFO  - 2016-06-23T12:13:21.055Z] SessionManagerReqHand - _cleanupWindowlessSessions - Asynchronous Sessions clean-up phase starting NOW
[INFO  - 2016-06-23T12:14:09.941Z] SessionManagerReqHand - _cleanupWindowlessSessions - Asynchronous Sessions clean-up phase starting NOW
[INFO  - 2016-06-23T12:15:40.653Z] SessionManagerReqHand - _cleanupWindowlessSessions - Asynchronous Sessions clean-up phase starting NOW
[INFO  - 2016-06-23T12:15:46.168Z] SessionManagerReqHand - _cleanupWindowlessSessions - Asynchronous Sessions clean-up phase starting NOW
[ERROR - 2016-06-23T12:15:48.315Z] Session [79cf20d0-393b-11e6-9898-2fe5c9058ea4] - page.onError - msg: TypeError: null is not an object (evaluating 'document.getElementById('sticky').clientWidth')
[ERROR - 2016-06-23T12:15:48.316Z] Session [79cf20d0-393b-11e6-9898-2fe5c9058ea4] - page.onError - stack:
  global code (http://www.mytokri.com/discuss/login/login:2677)
[INFO  - 2016-06-23T12:18:21.916Z] SessionManagerReqHand - _cleanupWindowlessSessions - Asynchronous Sessions clean-up phase starting NOW
[INFO  - 2016-06-23T12:19:08.904Z] SessionManagerReqHand - _cleanupWindowlessSessions - Asynchronous Sessions clean-up phase starting NOW
[INFO  - 2016-06-23T12:20:40.021Z] SessionManagerReqHand - _cleanupWindowlessSessions - Asynchronous Sessions clean-up phase starting NOW
[INFO  - 2016-06-23T12:20:45.970Z] SessionManagerReqHand - _cleanupWindowlessSessions - Asynchronous Sessions clean-up phase starting NOW
[INFO  - 2016-06-23T12:23:20.821Z] SessionManagerReqHand - _cleanupWindowlessSessions - Asynchronous Sessions clean-up phase starting NOW
[INFO  - 2016-06-23T12:24:08.904Z] SessionManagerReqHand - _cleanupWindowlessSessions - Asynchronous Sessions clean-up phase starting NOW
[INFO  - 2016-06-23T12:25:40.020Z] SessionManagerReqHand - _cleanupWindowlessSessions - Asynchronous Sessions clean-up phase starting NOW
[INFO  - 2016-06-23T12:25:45.940Z] SessionManagerReqHand - _cleanupWindowlessSessions - Asynchronous Sessions clean-up phase starting NOW
[INFO  - 2016-06-23T12:28:20.821Z] SessionManagerReqHand - _cleanupWindowlessSessions - Asynchronous Sessions clean-up phase starting NOW
[INFO  - 2016-06-23T12:29:08.904Z] SessionManagerReqHand - _cleanupWindowlessSessions - Asynchronous Sessions clean-up phase starting NOW
[INFO  - 2016-06-23T12:30:40.020Z] SessionManagerReqHand - _cleanupWindowlessSessions - Asynchronous Sessions clean-up phase starting NOW
[INFO  - 2016-06-23T12:30:45.940Z] SessionManagerReqHand - _cleanupWindowlessSessions - Asynchronous Sessions clean-up phase starting NOW
[INFO  - 2016-06-23T12:33:20.821Z] SessionManagerReqHand - _cleanupWindowlessSessions - Asynchronous Sessions clean-up phase starting NOW
[INFO  - 2016-06-23T12:34:08.904Z] SessionManagerReqHand - _cleanupWindowlessSessions - Asynchronous Sessions clean-up phase starting NOW
[INFO  - 2016-06-23T12:35:40.020Z] SessionManagerReqHand - _cleanupWindowlessSessions - Asynchronous Sessions clean-up phase starting NOW
[INFO  - 2016-06-23T12:35:45.940Z] SessionManagerReqHand - _cleanupWindowlessSessions - Asynchronous Sessions clean-up phase starting NOW
[INFO  - 2016-06-23T12:38:20.821Z] SessionManagerReqHand - _cleanupWindowlessSessions - Asynchronous Sessions clean-up phase starting NOW
[INFO  - 2016-06-23T12:39:08.904Z] SessionManagerReqHand - _cleanupWindowlessSessions - Asynchronous Sessions clean-up phase starting NOW
[INFO  - 2016-06-23T12:40:40.020Z] SessionManagerReqHand - _cleanupWindowlessSessions - Asynchronous Sessions clean-up phase starting NOW
[INFO  - 2016-06-23T12:40:45.940Z] SessionManagerReqHand - _cleanupWindowlessSessions - Asynchronous Sessions clean-up phase starting NOW
[INFO  - 2016-06-23T12:43:20.821Z] SessionManagerReqHand - _cleanupWindowlessSessions - Asynchronous Sessions clean-up phase starting NOW
[INFO  - 2016-06-23T12:44:08.904Z] SessionManagerReqHand - _cleanupWindowlessSessions - Asynchronous Sessions clean-up phase starting NOW
[INFO  - 2016-06-23T12:45:40.020Z] SessionManagerReqHand - _cleanupWindowlessSessions - Asynchronous Sessions clean-up phase starting NOW
[INFO  - 2016-06-23T12:45:45.940Z] SessionManagerReqHand - _cleanupWindowlessSessions - Asynchronous Sessions clean-up phase starting NOW
[INFO  - 2016-06-23T12:48:20.821Z] SessionManagerReqHand - _cleanupWindowlessSessions - Asynchronous Sessions clean-up phase starting NOW
[INFO  - 2016-06-23T12:49:08.904Z] SessionManagerReqHand - _cleanupWindowlessSessions - Asynchronous Sessions clean-up phase starting NOW
[INFO  - 2016-06-23T12:50:40.020Z] SessionManagerReqHand - _cleanupWindowlessSessions - Asynchronous Sessions clean-up phase starting NOW
[INFO  - 2016-06-23T12:50:45.940Z] SessionManagerReqHand - _cleanupWindowlessSessions - Asynchronous Sessions clean-up phase starting NOW
[INFO  - 2016-06-23T12:53:20.821Z] SessionManagerReqHand - _cleanupWindowlessSessions - Asynchronous Sessions clean-up phase starting NOW
[INFO  - 2016-06-23T12:54:08.904Z] SessionManagerReqHand - _cleanupWindowlessSessions - Asynchronous Sessions clean-up phase starting NOW
[INFO  - 2016-06-23T12:55:40.021Z] SessionManagerReqHand - _cleanupWindowlessSessions - Asynchronous Sessions clean-up phase starting NOW
[INFO  - 2016-06-23T12:55:45.940Z] SessionManagerReqHand - _cleanupWindowlessSessions - Asynchronous Sessions clean-up phase starting NOW
[INFO  - 2016-06-23T12:58:20.821Z] SessionManagerReqHand - _cleanupWindowlessSessions - Asynchronous Sessions clean-up phase starting NOW
[INFO  - 2016-06-23T12:59:08.904Z] SessionManagerReqHand - _cleanupWindowlessSessions - Asynchronous Sessions clean-up phase starting NOW
[INFO  - 2016-06-23T13:00:40.020Z] SessionManagerReqHand - _cleanupWindowlessSessions - Asynchronous Sessions clean-up phase starting NOW
[INFO  - 2016-06-23T13:00:45.940Z] SessionManagerReqHand - _cleanupWindowlessSessions - Asynchronous Sessions clean-up phase starting NOW
[INFO  - 2016-06-23T13:00:56.521Z] GhostDriver - Main - running on port 29107
[INFO  - 2016-06-23T13:00:58.041Z] Session [87345f40-3942-11e6-bb0e-6f900e1aacc7] - page.settings - {"XSSAuditingEnabled":false,"javascriptCanCloseWindows":true,"javascriptCanOpenWindows":true,"javascriptEnabled":true,"loadImages":true,"localToRemoteUrlAccessEnabled":false,"userAgent":"Mozilla/5.0 (Unknown; Linux x86_64) AppleWebKit/538.1 (KHTML, like Gecko) PhantomJS/2.1.1 Safari/538.1","webSecurityEnabled":true}
[INFO  - 2016-06-23T13:00:58.042Z] Session [87345f40-3942-11e6-bb0e-6f900e1aacc7] - page.customHeaders:  - {}
[INFO  - 2016-06-23T13:00:58.042Z] Session [87345f40-3942-11e6-bb0e-6f900e1aacc7] - Session.negotiatedCapabilities - {"browserName":"phantomjs","version":"2.1.1","driverName":"ghostdriver","driverVersion":"1.2.0","platform":"linux-unknown-64bit","javascriptEnabled":true,"takesScreenshot":true,"handlesAlerts":false,"databaseEnabled":false,"locationContextEnabled":false,"applicationCacheEnabled":false,"browserConnectionEnabled":false,"cssSelectorsEnabled":true,"webStorageEnabled":false,"rotatable":false,"acceptSslCerts":false,"nativeEvents":true,"proxy":{"proxyType":"direct"}}
[INFO  - 2016-06-23T13:00:58.042Z] SessionManagerReqHand - _postNewSessionCommand - New Session Created: 87345f40-3942-11e6-bb0e-6f900e1aacc7
[ERROR - 2016-06-23T13:00:58.645Z] WebElementLocator - _handleLocateCommand - Element(s) NOT Found: GAVE UP. Search Stop Time: 1466686858636
[ERROR - 2016-06-23T13:00:59.269Z] WebElementLocator - _handleLocateCommand - Element(s) NOT Found: GAVE UP. Search Stop Time: 1466686859233
[INFO  - 2016-06-23T13:00:59.635Z] ShutdownReqHand - _handle - About to shutdown
[INFO  - 2016-06-23T13:07:36.098Z] GhostDriver - Main - running on port 15585
[INFO  - 2016-06-23T13:07:36.382Z] Session [74a289a0-3943-11e6-a478-e1a2777466a1] - page.settings - {"XSSAuditingEnabled":false,"javascriptCanCloseWindows":true,"javascriptCanOpenWindows":true,"javascriptEnabled":true,"loadImages":true,"localToRemoteUrlAccessEnabled":false,"userAgent":"Mozilla/5.0 (Unknown; Linux x86_64) AppleWebKit/538.1 (KHTML, like Gecko) PhantomJS/2.1.1 Safari/538.1","webSecurityEnabled":true}
[INFO  - 2016-06-23T13:07:36.383Z] Session [74a289a0-3943-11e6-a478-e1a2777466a1] - page.customHeaders:  - {}
[INFO  - 2016-06-23T13:07:36.383Z] Session [74a289a0-3943-11e6-a478-e1a2777466a1] - Session.negotiatedCapabilities - {"browserName":"phantomjs","version":"2.1.1","driverName":"ghostdriver","driverVersion":"1.2.0","platform":"linux-unknown-64bit","javascriptEnabled":true,"takesScreenshot":true,"handlesAlerts":false,"databaseEnabled":false,"locationContextEnabled":false,"applicationCacheEnabled":false,"browserConnectionEnabled":false,"cssSelectorsEnabled":true,"webStorageEnabled":false,"rotatable":false,"acceptSslCerts":false,"nativeEvents":true,"proxy":{"proxyType":"direct"}}
[INFO  - 2016-06-23T13:07:36.383Z] SessionManagerReqHand - _postNewSessionCommand - New Session Created: 74a289a0-3943-11e6-a478-e1a2777466a1
[INFO  - 2016-06-23T13:08:28.507Z] ShutdownReqHand - _handle - About to shutdown
[INFO  - 2016-06-23T13:13:09.397Z] GhostDriver - Main - running on port 2907
[INFO  - 2016-06-23T13:13:09.752Z] Session [3b564e10-3944-11e6-a541-f54da5e08edd] - page.settings - {"XSSAuditingEnabled":false,"javascriptCanCloseWindows":true,"javascriptCanOpenWindows":true,"javascriptEnabled":true,"loadImages":true,"localToRemoteUrlAccessEnabled":false,"userAgent":"Mozilla/5.0 (Unknown; Linux x86_64) AppleWebKit/538.1 (KHTML, like Gecko) PhantomJS/2.1.1 Safari/538.1","webSecurityEnabled":true}
[INFO  - 2016-06-23T13:13:09.752Z] Session [3b564e10-3944-11e6-a541-f54da5e08edd] - page.customHeaders:  - {}
[INFO  - 2016-06-23T13:13:09.752Z] Session [3b564e10-3944-11e6-a541-f54da5e08edd] - Session.negotiatedCapabilities - {"browserName":"phantomjs","version":"2.1.1","driverName":"ghostdriver","driverVersion":"1.2.0","platform":"linux-unknown-64bit","javascriptEnabled":true,"takesScreenshot":true,"handlesAlerts":false,"databaseEnabled":false,"locationContextEnabled":false,"applicationCacheEnabled":false,"browserConnectionEnabled":false,"cssSelectorsEnabled":true,"webStorageEnabled":false,"rotatable":false,"acceptSslCerts":false,"nativeEvents":true,"proxy":{"proxyType":"direct"}}
[INFO  - 2016-06-23T13:13:09.752Z] SessionManagerReqHand - _postNewSessionCommand - New Session Created: 3b564e10-3944-11e6-a541-f54da5e08edd
[INFO  - 2016-06-23T13:13:55.011Z] ShutdownReqHand - _handle - About to shutdown
[INFO  - 2016-06-23T13:14:43.251Z] GhostDriver - Main - running on port 22526
[INFO  - 2016-06-23T13:14:43.614Z] Session [73483450-3944-11e6-b835-cd5052310f33] - page.settings - {"XSSAuditingEnabled":false,"javascriptCanCloseWindows":true,"javascriptCanOpenWindows":true,"javascriptEnabled":true,"loadImages":true,"localToRemoteUrlAccessEnabled":false,"userAgent":"Mozilla/5.0 (Unknown; Linux x86_64) AppleWebKit/538.1 (KHTML, like Gecko) PhantomJS/2.1.1 Safari/538.1","webSecurityEnabled":true}
[INFO  - 2016-06-23T13:14:43.614Z] Session [73483450-3944-11e6-b835-cd5052310f33] - page.customHeaders:  - {}
[INFO  - 2016-06-23T13:14:43.615Z] Session [73483450-3944-11e6-b835-cd5052310f33] - Session.negotiatedCapabilities - {"browserName":"phantomjs","version":"2.1.1","driverName":"ghostdriver","driverVersion":"1.2.0","platform":"linux-unknown-64bit","javascriptEnabled":true,"takesScreenshot":true,"handlesAlerts":false,"databaseEnabled":false,"locationContextEnabled":false,"applicationCacheEnabled":false,"browserConnectionEnabled":false,"cssSelectorsEnabled":true,"webStorageEnabled":false,"rotatable":false,"acceptSslCerts":false,"nativeEvents":true,"proxy":{"proxyType":"direct"}}
[INFO  - 2016-06-23T13:14:43.615Z] SessionManagerReqHand - _postNewSessionCommand - New Session Created: 73483450-3944-11e6-b835-cd5052310f33
[INFO  - 2016-06-23T13:15:34.131Z] ShutdownReqHand - _handle - About to shutdown
[INFO  - 2016-06-23T13:25:23.778Z] GhostDriver - Main - running on port 23697
[INFO  - 2016-06-23T13:25:24.116Z] Session [f10c7170-3945-11e6-ada1-afd949782831] - page.settings - {"XSSAuditingEnabled":false,"javascriptCanCloseWindows":true,"javascriptCanOpenWindows":true,"javascriptEnabled":true,"loadImages":true,"localToRemoteUrlAccessEnabled":false,"userAgent":"Mozilla/5.0 (Unknown; Linux x86_64) AppleWebKit/538.1 (KHTML, like Gecko) PhantomJS/2.1.1 Safari/538.1","webSecurityEnabled":true}
[INFO  - 2016-06-23T13:25:24.117Z] Session [f10c7170-3945-11e6-ada1-afd949782831] - page.customHeaders:  - {}
[INFO  - 2016-06-23T13:25:24.117Z] Session [f10c7170-3945-11e6-ada1-afd949782831] - Session.negotiatedCapabilities - {"browserName":"phantomjs","version":"2.1.1","driverName":"ghostdriver","driverVersion":"1.2.0","platform":"linux-unknown-64bit","javascriptEnabled":true,"takesScreenshot":true,"handlesAlerts":false,"databaseEnabled":false,"locationContextEnabled":false,"applicationCacheEnabled":false,"browserConnectionEnabled":false,"cssSelectorsEnabled":true,"webStorageEnabled":false,"rotatable":false,"acceptSslCerts":false,"nativeEvents":true,"proxy":{"proxyType":"direct"}}
[INFO  - 2016-06-23T13:25:24.118Z] SessionManagerReqHand - _postNewSessionCommand - New Session Created: f10c7170-3945-11e6-ada1-afd949782831
[INFO  - 2016-06-23T13:26:06.288Z] ShutdownReqHand - _handle - About to shutdown
[INFO  - 2016-06-25T05:21:12.583Z] GhostDriver - Main - running on port 26299
[INFO  - 2016-06-25T05:21:13.300Z] Session [a23df8c0-3a94-11e6-b4fe-a593260d371f] - page.settings - {"XSSAuditingEnabled":false,"javascriptCanCloseWindows":true,"javascriptCanOpenWindows":true,"javascriptEnabled":true,"loadImages":true,"localToRemoteUrlAccessEnabled":false,"userAgent":"Mozilla/5.0 (Unknown; Linux x86_64) AppleWebKit/538.1 (KHTML, like Gecko) PhantomJS/2.1.1 Safari/538.1","webSecurityEnabled":true}
[INFO  - 2016-06-25T05:21:13.301Z] Session [a23df8c0-3a94-11e6-b4fe-a593260d371f] - page.customHeaders:  - {}
[INFO  - 2016-06-25T05:21:13.302Z] Session [a23df8c0-3a94-11e6-b4fe-a593260d371f] - Session.negotiatedCapabilities - {"browserName":"phantomjs","version":"2.1.1","driverName":"ghostdriver","driverVersion":"1.2.0","platform":"linux-unknown-64bit","javascriptEnabled":true,"takesScreenshot":true,"handlesAlerts":false,"databaseEnabled":false,"locationContextEnabled":false,"applicationCacheEnabled":false,"browserConnectionEnabled":false,"cssSelectorsEnabled":true,"webStorageEnabled":false,"rotatable":false,"acceptSslCerts":false,"nativeEvents":true,"proxy":{"proxyType":"direct"}}
[INFO  - 2016-06-25T05:21:13.303Z] SessionManagerReqHand - _postNewSessionCommand - New Session Created: a23df8c0-3a94-11e6-b4fe-a593260d371f
[INFO  - 2016-06-25T05:22:03.356Z] ShutdownReqHand - _handle - About to shutdown
[INFO  - 2016-06-25T05:22:30.497Z] GhostDriver - Main - running on port 22512
[INFO  - 2016-06-25T05:22:30.845Z] Session [d0757bf0-3a94-11e6-9c90-61afabacaec0] - page.settings - {"XSSAuditingEnabled":false,"javascriptCanCloseWindows":true,"javascriptCanOpenWindows":true,"javascriptEnabled":true,"loadImages":true,"localToRemoteUrlAccessEnabled":false,"userAgent":"Mozilla/5.0 (Unknown; Linux x86_64) AppleWebKit/538.1 (KHTML, like Gecko) PhantomJS/2.1.1 Safari/538.1","webSecurityEnabled":true}
[INFO  - 2016-06-25T05:22:30.846Z] Session [d0757bf0-3a94-11e6-9c90-61afabacaec0] - page.customHeaders:  - {}
[INFO  - 2016-06-25T05:22:30.847Z] Session [d0757bf0-3a94-11e6-9c90-61afabacaec0] - Session.negotiatedCapabilities - {"browserName":"phantomjs","version":"2.1.1","driverName":"ghostdriver","driverVersion":"1.2.0","platform":"linux-unknown-64bit","javascriptEnabled":true,"takesScreenshot":true,"handlesAlerts":false,"databaseEnabled":false,"locationContextEnabled":false,"applicationCacheEnabled":false,"browserConnectionEnabled":false,"cssSelectorsEnabled":true,"webStorageEnabled":false,"rotatable":false,"acceptSslCerts":false,"nativeEvents":true,"proxy":{"proxyType":"direct"}}
[INFO  - 2016-06-25T05:22:30.847Z] SessionManagerReqHand - _postNewSessionCommand - New Session Created: d0757bf0-3a94-11e6-9c90-61afabacaec0
[INFO  - 2016-06-25T05:24:16.168Z] ShutdownReqHand - _handle - About to shutdown
[INFO  - 2016-06-25T05:32:15.516Z] GhostDriver - Main - running on port 2977
[INFO  - 2016-06-25T05:32:16.115Z] Session [2d4f5ca0-3a96-11e6-91a4-e979fff8a574] - page.settings - {"XSSAuditingEnabled":false,"javascriptCanCloseWindows":true,"javascriptCanOpenWindows":true,"javascriptEnabled":true,"loadImages":true,"localToRemoteUrlAccessEnabled":false,"userAgent":"Mozilla/5.0 (Unknown; Linux x86_64) AppleWebKit/538.1 (KHTML, like Gecko) PhantomJS/2.1.1 Safari/538.1","webSecurityEnabled":true}
[INFO  - 2016-06-25T05:32:16.116Z] Session [2d4f5ca0-3a96-11e6-91a4-e979fff8a574] - page.customHeaders:  - {}
[INFO  - 2016-06-25T05:32:16.117Z] Session [2d4f5ca0-3a96-11e6-91a4-e979fff8a574] - Session.negotiatedCapabilities - {"browserName":"phantomjs","version":"2.1.1","driverName":"ghostdriver","driverVersion":"1.2.0","platform":"linux-unknown-64bit","javascriptEnabled":true,"takesScreenshot":true,"handlesAlerts":false,"databaseEnabled":false,"locationContextEnabled":false,"applicationCacheEnabled":false,"browserConnectionEnabled":false,"cssSelectorsEnabled":true,"webStorageEnabled":false,"rotatable":false,"acceptSslCerts":false,"nativeEvents":true,"proxy":{"proxyType":"direct"}}
[INFO  - 2016-06-25T05:32:16.117Z] SessionManagerReqHand - _postNewSessionCommand - New Session Created: 2d4f5ca0-3a96-11e6-91a4-e979fff8a574
[INFO  - 2016-06-25T05:33:01.159Z] ShutdownReqHand - _handle - About to shutdown
[INFO  - 2016-06-25T05:48:54.267Z] GhostDriver - Main - running on port 31056
[INFO  - 2016-06-25T05:48:54.661Z] Session [807db1e0-3a98-11e6-b175-db8237bed2d2] - page.settings - {"XSSAuditingEnabled":false,"javascriptCanCloseWindows":true,"javascriptCanOpenWindows":true,"javascriptEnabled":true,"loadImages":true,"localToRemoteUrlAccessEnabled":false,"userAgent":"Mozilla/5.0 (Unknown; Linux x86_64) AppleWebKit/538.1 (KHTML, like Gecko) PhantomJS/2.1.1 Safari/538.1","webSecurityEnabled":true}
[INFO  - 2016-06-25T05:48:54.661Z] Session [807db1e0-3a98-11e6-b175-db8237bed2d2] - page.customHeaders:  - {}
[INFO  - 2016-06-25T05:48:54.662Z] Session [807db1e0-3a98-11e6-b175-db8237bed2d2] - Session.negotiatedCapabilities - {"browserName":"phantomjs","version":"2.1.1","driverName":"ghostdriver","driverVersion":"1.2.0","platform":"linux-unknown-64bit","javascriptEnabled":true,"takesScreenshot":true,"handlesAlerts":false,"databaseEnabled":false,"locationContextEnabled":false,"applicationCacheEnabled":false,"browserConnectionEnabled":false,"cssSelectorsEnabled":true,"webStorageEnabled":false,"rotatable":false,"acceptSslCerts":false,"nativeEvents":true,"proxy":{"proxyType":"direct"}}
[INFO  - 2016-06-25T05:48:54.662Z] SessionManagerReqHand - _postNewSessionCommand - New Session Created: 807db1e0-3a98-11e6-b175-db8237bed2d2
[INFO  - 2016-06-25T05:50:12.921Z] ShutdownReqHand - _handle - About to shutdown
[INFO  - 2016-06-25T05:57:56.894Z] GhostDriver - Main - running on port 1824
[INFO  - 2016-06-25T05:57:57.499Z] Session [c40c5a50-3a99-11e6-8dc8-a385b19db763] - page.settings - {"XSSAuditingEnabled":false,"javascriptCanCloseWindows":true,"javascriptCanOpenWindows":true,"javascriptEnabled":true,"loadImages":true,"localToRemoteUrlAccessEnabled":false,"userAgent":"Mozilla/5.0 (Unknown; Linux x86_64) AppleWebKit/538.1 (KHTML, like Gecko) PhantomJS/2.1.1 Safari/538.1","webSecurityEnabled":true}
[INFO  - 2016-06-25T05:57:57.499Z] Session [c40c5a50-3a99-11e6-8dc8-a385b19db763] - page.customHeaders:  - {}
[INFO  - 2016-06-25T05:57:57.500Z] Session [c40c5a50-3a99-11e6-8dc8-a385b19db763] - Session.negotiatedCapabilities - {"browserName":"phantomjs","version":"2.1.1","driverName":"ghostdriver","driverVersion":"1.2.0","platform":"linux-unknown-64bit","javascriptEnabled":true,"takesScreenshot":true,"handlesAlerts":false,"databaseEnabled":false,"locationContextEnabled":false,"applicationCacheEnabled":false,"browserConnectionEnabled":false,"cssSelectorsEnabled":true,"webStorageEnabled":false,"rotatable":false,"acceptSslCerts":false,"nativeEvents":true,"proxy":{"proxyType":"direct"}}
[INFO  - 2016-06-25T05:57:57.501Z] SessionManagerReqHand - _postNewSessionCommand - New Session Created: c40c5a50-3a99-11e6-8dc8-a385b19db763
[INFO  - 2016-06-25T05:58:15.325Z] ShutdownReqHand - _handle - About to shutdown
[INFO  - 2016-06-25T05:59:08.546Z] GhostDriver - Main - running on port 14821
[INFO  - 2016-06-25T05:59:08.770Z] Session [ee8798d0-3a99-11e6-a198-3d71e0813a6e] - page.settings - {"XSSAuditingEnabled":false,"javascriptCanCloseWindows":true,"javascriptCanOpenWindows":true,"javascriptEnabled":true,"loadImages":true,"localToRemoteUrlAccessEnabled":false,"userAgent":"Mozilla/5.0 (Unknown; Linux x86_64) AppleWebKit/538.1 (KHTML, like Gecko) PhantomJS/2.1.1 Safari/538.1","webSecurityEnabled":true}
[INFO  - 2016-06-25T05:59:08.770Z] Session [ee8798d0-3a99-11e6-a198-3d71e0813a6e] - page.customHeaders:  - {}
[INFO  - 2016-06-25T05:59:08.770Z] Session [ee8798d0-3a99-11e6-a198-3d71e0813a6e] - Session.negotiatedCapabilities - {"browserName":"phantomjs","version":"2.1.1","driverName":"ghostdriver","driverVersion":"1.2.0","platform":"linux-unknown-64bit","javascriptEnabled":true,"takesScreenshot":true,"handlesAlerts":false,"databaseEnabled":false,"locationContextEnabled":false,"applicationCacheEnabled":false,"browserConnectionEnabled":false,"cssSelectorsEnabled":true,"webStorageEnabled":false,"rotatable":false,"acceptSslCerts":false,"nativeEvents":true,"proxy":{"proxyType":"direct"}}
[INFO  - 2016-06-25T05:59:08.770Z] SessionManagerReqHand - _postNewSessionCommand - New Session Created: ee8798d0-3a99-11e6-a198-3d71e0813a6e
[INFO  - 2016-06-25T06:00:50.169Z] ShutdownReqHand - _handle - About to shutdown
[INFO  - 2016-06-25T06:04:22.809Z] GhostDriver - Main - running on port 22772
[INFO  - 2016-06-25T06:04:23.104Z] Session [a9e2b380-3a9a-11e6-a48f-b1d4d465b972] - page.settings - {"XSSAuditingEnabled":false,"javascriptCanCloseWindows":true,"javascriptCanOpenWindows":true,"javascriptEnabled":true,"loadImages":true,"localToRemoteUrlAccessEnabled":false,"userAgent":"Mozilla/5.0 (Unknown; Linux x86_64) AppleWebKit/538.1 (KHTML, like Gecko) PhantomJS/2.1.1 Safari/538.1","webSecurityEnabled":true}
[INFO  - 2016-06-25T06:04:23.104Z] Session [a9e2b380-3a9a-11e6-a48f-b1d4d465b972] - page.customHeaders:  - {}
[INFO  - 2016-06-25T06:04:23.106Z] Session [a9e2b380-3a9a-11e6-a48f-b1d4d465b972] - Session.negotiatedCapabilities - {"browserName":"phantomjs","version":"2.1.1","driverName":"ghostdriver","driverVersion":"1.2.0","platform":"linux-unknown-64bit","javascriptEnabled":true,"takesScreenshot":true,"handlesAlerts":false,"databaseEnabled":false,"locationContextEnabled":false,"applicationCacheEnabled":false,"browserConnectionEnabled":false,"cssSelectorsEnabled":true,"webStorageEnabled":false,"rotatable":false,"acceptSslCerts":false,"nativeEvents":true,"proxy":{"proxyType":"direct"}}
[INFO  - 2016-06-25T06:04:23.106Z] SessionManagerReqHand - _postNewSessionCommand - New Session Created: a9e2b380-3a9a-11e6-a48f-b1d4d465b972
[INFO  - 2016-06-25T06:06:06.696Z] ShutdownReqHand - _handle - About to shutdown
[INFO  - 2016-06-25T06:25:44.562Z] GhostDriver - Main - running on port 31305
[INFO  - 2016-06-25T06:25:45.107Z] Session [a60523d0-3a9d-11e6-a0b1-8dbf452c96e9] - page.settings - {"XSSAuditingEnabled":false,"javascriptCanCloseWindows":true,"javascriptCanOpenWindows":true,"javascriptEnabled":true,"loadImages":true,"localToRemoteUrlAccessEnabled":false,"userAgent":"Mozilla/5.0 (Unknown; Linux x86_64) AppleWebKit/538.1 (KHTML, like Gecko) PhantomJS/2.1.1 Safari/538.1","webSecurityEnabled":true}
[INFO  - 2016-06-25T06:25:45.108Z] Session [a60523d0-3a9d-11e6-a0b1-8dbf452c96e9] - page.customHeaders:  - {}
[INFO  - 2016-06-25T06:25:45.109Z] Session [a60523d0-3a9d-11e6-a0b1-8dbf452c96e9] - Session.negotiatedCapabilities - {"browserName":"phantomjs","version":"2.1.1","driverName":"ghostdriver","driverVersion":"1.2.0","platform":"linux-unknown-64bit","javascriptEnabled":true,"takesScreenshot":true,"handlesAlerts":false,"databaseEnabled":false,"locationContextEnabled":false,"applicationCacheEnabled":false,"browserConnectionEnabled":false,"cssSelectorsEnabled":true,"webStorageEnabled":false,"rotatable":false,"acceptSslCerts":false,"nativeEvents":true,"proxy":{"proxyType":"direct"}}
[INFO  - 2016-06-25T06:25:45.109Z] SessionManagerReqHand - _postNewSessionCommand - New Session Created: a60523d0-3a9d-11e6-a0b1-8dbf452c96e9
[INFO  - 2016-06-25T06:27:52.435Z] ShutdownReqHand - _handle - About to shutdown
[INFO  - 2016-06-25T06:29:17.320Z] GhostDriver - Main - running on port 15562
[INFO  - 2016-06-25T06:29:17.574Z] Session [24a92f10-3a9e-11e6-af44-d1a67ffa87f8] - page.settings - {"XSSAuditingEnabled":false,"javascriptCanCloseWindows":true,"javascriptCanOpenWindows":true,"javascriptEnabled":true,"loadImages":true,"localToRemoteUrlAccessEnabled":false,"userAgent":"Mozilla/5.0 (Unknown; Linux x86_64) AppleWebKit/538.1 (KHTML, like Gecko) PhantomJS/2.1.1 Safari/538.1","webSecurityEnabled":true}
[INFO  - 2016-06-25T06:29:17.574Z] Session [24a92f10-3a9e-11e6-af44-d1a67ffa87f8] - page.customHeaders:  - {}
[INFO  - 2016-06-25T06:29:17.574Z] Session [24a92f10-3a9e-11e6-af44-d1a67ffa87f8] - Session.negotiatedCapabilities - {"browserName":"phantomjs","version":"2.1.1","driverName":"ghostdriver","driverVersion":"1.2.0","platform":"linux-unknown-64bit","javascriptEnabled":true,"takesScreenshot":true,"handlesAlerts":false,"databaseEnabled":false,"locationContextEnabled":false,"applicationCacheEnabled":false,"browserConnectionEnabled":false,"cssSelectorsEnabled":true,"webStorageEnabled":false,"rotatable":false,"acceptSslCerts":false,"nativeEvents":true,"proxy":{"proxyType":"direct"}}
[INFO  - 2016-06-25T06:29:17.587Z] SessionManagerReqHand - _postNewSessionCommand - New Session Created: 24a92f10-3a9e-11e6-af44-d1a67ffa87f8
[INFO  - 2016-06-25T06:30:15.858Z] ShutdownReqHand - _handle - About to shutdown
[INFO  - 2016-06-25T06:31:02.506Z] GhostDriver - Main - running on port 22920
[INFO  - 2016-06-25T06:31:02.798Z] Session [6360f080-3a9e-11e6-ad9d-a7f9e26055bb] - page.settings - {"XSSAuditingEnabled":false,"javascriptCanCloseWindows":true,"javascriptCanOpenWindows":true,"javascriptEnabled":true,"loadImages":true,"localToRemoteUrlAccessEnabled":false,"userAgent":"Mozilla/5.0 (Unknown; Linux x86_64) AppleWebKit/538.1 (KHTML, like Gecko) PhantomJS/2.1.1 Safari/538.1","webSecurityEnabled":true}
[INFO  - 2016-06-25T06:31:02.798Z] Session [6360f080-3a9e-11e6-ad9d-a7f9e26055bb] - page.customHeaders:  - {}
[INFO  - 2016-06-25T06:31:02.798Z] Session [6360f080-3a9e-11e6-ad9d-a7f9e26055bb] - Session.negotiatedCapabilities - {"browserName":"phantomjs","version":"2.1.1","driverName":"ghostdriver","driverVersion":"1.2.0","platform":"linux-unknown-64bit","javascriptEnabled":true,"takesScreenshot":true,"handlesAlerts":false,"databaseEnabled":false,"locationContextEnabled":false,"applicationCacheEnabled":false,"browserConnectionEnabled":false,"cssSelectorsEnabled":true,"webStorageEnabled":false,"rotatable":false,"acceptSslCerts":false,"nativeEvents":true,"proxy":{"proxyType":"direct"}}
[INFO  - 2016-06-25T06:31:02.799Z] SessionManagerReqHand - _postNewSessionCommand - New Session Created: 6360f080-3a9e-11e6-ad9d-a7f9e26055bb
[INFO  - 2016-06-25T06:32:01.114Z] ShutdownReqHand - _handle - About to shutdown
[INFO  - 2016-06-25T06:32:24.131Z] GhostDriver - Main - running on port 11835
[INFO  - 2016-06-25T06:32:24.364Z] Session [93ff1370-3a9e-11e6-b2c1-d5877de6943b] - page.settings - {"XSSAuditingEnabled":false,"javascriptCanCloseWindows":true,"javascriptCanOpenWindows":true,"javascriptEnabled":true,"loadImages":true,"localToRemoteUrlAccessEnabled":false,"userAgent":"Mozilla/5.0 (Unknown; Linux x86_64) AppleWebKit/538.1 (KHTML, like Gecko) PhantomJS/2.1.1 Safari/538.1","webSecurityEnabled":true}
[INFO  - 2016-06-25T06:32:24.364Z] Session [93ff1370-3a9e-11e6-b2c1-d5877de6943b] - page.customHeaders:  - {}
[INFO  - 2016-06-25T06:32:24.365Z] Session [93ff1370-3a9e-11e6-b2c1-d5877de6943b] - Session.negotiatedCapabilities - {"browserName":"phantomjs","version":"2.1.1","driverName":"ghostdriver","driverVersion":"1.2.0","platform":"linux-unknown-64bit","javascriptEnabled":true,"takesScreenshot":true,"handlesAlerts":false,"databaseEnabled":false,"locationContextEnabled":false,"applicationCacheEnabled":false,"browserConnectionEnabled":false,"cssSelectorsEnabled":true,"webStorageEnabled":false,"rotatable":false,"acceptSslCerts":false,"nativeEvents":true,"proxy":{"proxyType":"direct"}}
[INFO  - 2016-06-25T06:32:24.365Z] SessionManagerReqHand - _postNewSessionCommand - New Session Created: 93ff1370-3a9e-11e6-b2c1-d5877de6943b
[INFO  - 2016-06-25T06:33:11.029Z] ShutdownReqHand - _handle - About to shutdown
[INFO  - 2016-06-25T06:34:05.402Z] GhostDriver - Main - running on port 14636
[INFO  - 2016-06-25T06:34:05.787Z] Session [d0726320-3a9e-11e6-b77d-5b3d25f19365] - page.settings - {"XSSAuditingEnabled":false,"javascriptCanCloseWindows":true,"javascriptCanOpenWindows":true,"javascriptEnabled":true,"loadImages":true,"localToRemoteUrlAccessEnabled":false,"userAgent":"Mozilla/5.0 (Unknown; Linux x86_64) AppleWebKit/538.1 (KHTML, like Gecko) PhantomJS/2.1.1 Safari/538.1","webSecurityEnabled":true}
[INFO  - 2016-06-25T06:34:05.787Z] Session [d0726320-3a9e-11e6-b77d-5b3d25f19365] - page.customHeaders:  - {}
[INFO  - 2016-06-25T06:34:05.788Z] Session [d0726320-3a9e-11e6-b77d-5b3d25f19365] - Session.negotiatedCapabilities - {"browserName":"phantomjs","version":"2.1.1","driverName":"ghostdriver","driverVersion":"1.2.0","platform":"linux-unknown-64bit","javascriptEnabled":true,"takesScreenshot":true,"handlesAlerts":false,"databaseEnabled":false,"locationContextEnabled":false,"applicationCacheEnabled":false,"browserConnectionEnabled":false,"cssSelectorsEnabled":true,"webStorageEnabled":false,"rotatable":false,"acceptSslCerts":false,"nativeEvents":true,"proxy":{"proxyType":"direct"}}
[INFO  - 2016-06-25T06:34:05.788Z] SessionManagerReqHand - _postNewSessionCommand - New Session Created: d0726320-3a9e-11e6-b77d-5b3d25f19365
[INFO  - 2016-06-25T06:35:05.872Z] ShutdownReqHand - _handle - About to shutdown
[INFO  - 2016-06-25T06:35:59.297Z] GhostDriver - Main - running on port 8436
[INFO  - 2016-06-25T06:35:59.513Z] Session [143be720-3a9f-11e6-9b99-19dd7b938c7b] - page.settings - {"XSSAuditingEnabled":false,"javascriptCanCloseWindows":true,"javascriptCanOpenWindows":true,"javascriptEnabled":true,"loadImages":true,"localToRemoteUrlAccessEnabled":false,"userAgent":"Mozilla/5.0 (Unknown; Linux x86_64) AppleWebKit/538.1 (KHTML, like Gecko) PhantomJS/2.1.1 Safari/538.1","webSecurityEnabled":true}
[INFO  - 2016-06-25T06:35:59.513Z] Session [143be720-3a9f-11e6-9b99-19dd7b938c7b] - page.customHeaders:  - {}
[INFO  - 2016-06-25T06:35:59.514Z] Session [143be720-3a9f-11e6-9b99-19dd7b938c7b] - Session.negotiatedCapabilities - {"browserName":"phantomjs","version":"2.1.1","driverName":"ghostdriver","driverVersion":"1.2.0","platform":"linux-unknown-64bit","javascriptEnabled":true,"takesScreenshot":true,"handlesAlerts":false,"databaseEnabled":false,"locationContextEnabled":false,"applicationCacheEnabled":false,"browserConnectionEnabled":false,"cssSelectorsEnabled":true,"webStorageEnabled":false,"rotatable":false,"acceptSslCerts":false,"nativeEvents":true,"proxy":{"proxyType":"direct"}}
[INFO  - 2016-06-25T06:35:59.514Z] SessionManagerReqHand - _postNewSessionCommand - New Session Created: 143be720-3a9f-11e6-9b99-19dd7b938c7b
[INFO  - 2016-06-25T06:36:47.275Z] ShutdownReqHand - _handle - About to shutdown
[INFO  - 2016-06-25T06:37:24.211Z] GhostDriver - Main - running on port 8338
[INFO  - 2016-06-25T06:37:24.586Z] Session [46f12a40-3a9f-11e6-91fa-95a4608ebdfe] - page.settings - {"XSSAuditingEnabled":false,"javascriptCanCloseWindows":true,"javascriptCanOpenWindows":true,"javascriptEnabled":true,"loadImages":true,"localToRemoteUrlAccessEnabled":false,"userAgent":"Mozilla/5.0 (Unknown; Linux x86_64) AppleWebKit/538.1 (KHTML, like Gecko) PhantomJS/2.1.1 Safari/538.1","webSecurityEnabled":true}
[INFO  - 2016-06-25T06:37:24.586Z] Session [46f12a40-3a9f-11e6-91fa-95a4608ebdfe] - page.customHeaders:  - {}
[INFO  - 2016-06-25T06:37:24.586Z] Session [46f12a40-3a9f-11e6-91fa-95a4608ebdfe] - Session.negotiatedCapabilities - {"browserName":"phantomjs","version":"2.1.1","driverName":"ghostdriver","driverVersion":"1.2.0","platform":"linux-unknown-64bit","javascriptEnabled":true,"takesScreenshot":true,"handlesAlerts":false,"databaseEnabled":false,"locationContextEnabled":false,"applicationCacheEnabled":false,"browserConnectionEnabled":false,"cssSelectorsEnabled":true,"webStorageEnabled":false,"rotatable":false,"acceptSslCerts":false,"nativeEvents":true,"proxy":{"proxyType":"direct"}}
[INFO  - 2016-06-25T06:37:24.586Z] SessionManagerReqHand - _postNewSessionCommand - New Session Created: 46f12a40-3a9f-11e6-91fa-95a4608ebdfe
[INFO  - 2016-06-25T06:38:48.595Z] ShutdownReqHand - _handle - About to shutdown
[INFO  - 2016-06-25T06:42:10.643Z] GhostDriver - Main - running on port 6476
[INFO  - 2016-06-25T06:42:11.062Z] Session [f1b1ef00-3a9f-11e6-bd03-5b160662e495] - page.settings - {"XSSAuditingEnabled":false,"javascriptCanCloseWindows":true,"javascriptCanOpenWindows":true,"javascriptEnabled":true,"loadImages":true,"localToRemoteUrlAccessEnabled":false,"userAgent":"Mozilla/5.0 (Unknown; Linux x86_64) AppleWebKit/538.1 (KHTML, like Gecko) PhantomJS/2.1.1 Safari/538.1","webSecurityEnabled":true}
[INFO  - 2016-06-25T06:42:11.063Z] Session [f1b1ef00-3a9f-11e6-bd03-5b160662e495] - page.customHeaders:  - {}
[INFO  - 2016-06-25T06:42:11.063Z] Session [f1b1ef00-3a9f-11e6-bd03-5b160662e495] - Session.negotiatedCapabilities - {"browserName":"phantomjs","version":"2.1.1","driverName":"ghostdriver","driverVersion":"1.2.0","platform":"linux-unknown-64bit","javascriptEnabled":true,"takesScreenshot":true,"handlesAlerts":false,"databaseEnabled":false,"locationContextEnabled":false,"applicationCacheEnabled":false,"browserConnectionEnabled":false,"cssSelectorsEnabled":true,"webStorageEnabled":false,"rotatable":false,"acceptSslCerts":false,"nativeEvents":true,"proxy":{"proxyType":"direct"}}
[INFO  - 2016-06-25T06:42:11.063Z] SessionManagerReqHand - _postNewSessionCommand - New Session Created: f1b1ef00-3a9f-11e6-bd03-5b160662e495
[INFO  - 2016-06-25T06:43:50.716Z] ShutdownReqHand - _handle - About to shutdown
[INFO  - 2016-06-25T06:47:38.958Z] GhostDriver - Main - running on port 25687
[INFO  - 2016-06-25T06:47:39.179Z] Session [b5449d50-3aa0-11e6-a727-3ba2ed4b34d0] - page.settings - {"XSSAuditingEnabled":false,"javascriptCanCloseWindows":true,"javascriptCanOpenWindows":true,"javascriptEnabled":true,"loadImages":true,"localToRemoteUrlAccessEnabled":false,"userAgent":"Mozilla/5.0 (Unknown; Linux x86_64) AppleWebKit/538.1 (KHTML, like Gecko) PhantomJS/2.1.1 Safari/538.1","webSecurityEnabled":true}
[INFO  - 2016-06-25T06:47:39.180Z] Session [b5449d50-3aa0-11e6-a727-3ba2ed4b34d0] - page.customHeaders:  - {}
[INFO  - 2016-06-25T06:47:39.182Z] Session [b5449d50-3aa0-11e6-a727-3ba2ed4b34d0] - Session.negotiatedCapabilities - {"browserName":"phantomjs","version":"2.1.1","driverName":"ghostdriver","driverVersion":"1.2.0","platform":"linux-unknown-64bit","javascriptEnabled":true,"takesScreenshot":true,"handlesAlerts":false,"databaseEnabled":false,"locationContextEnabled":false,"applicationCacheEnabled":false,"browserConnectionEnabled":false,"cssSelectorsEnabled":true,"webStorageEnabled":false,"rotatable":false,"acceptSslCerts":false,"nativeEvents":true,"proxy":{"proxyType":"direct"}}
[INFO  - 2016-06-25T06:47:39.183Z] SessionManagerReqHand - _postNewSessionCommand - New Session Created: b5449d50-3aa0-11e6-a727-3ba2ed4b34d0
[INFO  - 2016-06-25T06:49:54.256Z] ShutdownReqHand - _handle - About to shutdown
